2019-07-08 09:52:26,841 INFO  [org.alfresco.web.config.packaging.ModulePackageManager] [localhost-startStop-1] Found 1 module package(s)
2019-07-08 09:52:26,842 INFO  [org.alfresco.web.config.packaging.ModulePackageManager] [localhost-startStop-1] Alfresco Share JAR Module, 1.0-SNAPSHOT, Sample Share JAR Module (to be included in the share.war) - part of AIO - SDK 3

2019-07-08 09:52:27,167 INFO  [org.springframework.extensions.webscripts.TemplateProcessorRegistry] [localhost-startStop-1] Registered template processor freemarker for extension ftl
2019-07-08 09:52:27,170 INFO  [org.springframework.extensions.webscripts.ScriptProcessorRegistry] [localhost-startStop-1] Registered script processor javascript for extension js
2019-07-08 09:52:27,170 INFO  [org.springframework.extensions.webscripts.TemplateProcessorRegistry] [localhost-startStop-1] Registered template processor freemarker for extension ftl
2019-07-08 09:52:27,171 INFO  [org.springframework.extensions.webscripts.ScriptProcessorRegistry] [localhost-startStop-1] Registered script processor javascript for extension js
2019-07-08 09:52:29,042 INFO  [org.springframework.extensions.webscripts.DeclarativeRegistry] [localhost-startStop-1] Registered 393 Web Scripts (+0 failed), 411 URLs
2019-07-08 09:52:29,042 INFO  [org.springframework.extensions.webscripts.DeclarativeRegistry] [localhost-startStop-1] Registered 8 Package Description Documents (+0 failed) 
2019-07-08 09:52:29,042 INFO  [org.springframework.extensions.webscripts.DeclarativeRegistry] [localhost-startStop-1] Registered 0 Schema Description Documents (+0 failed) 
2019-07-08 09:52:29,109 INFO  [org.springframework.extensions.webscripts.AbstractRuntimeContainer] [localhost-startStop-1] Initialised Surf Container Web Script Container (in 1927.2969ms)
2019-07-08 09:52:29,111 INFO  [org.springframework.extensions.webscripts.TemplateProcessorRegistry] [localhost-startStop-1] Registered template processor freemarker for extension ftl
2019-07-08 09:52:29,112 INFO  [org.springframework.extensions.webscripts.ScriptProcessorRegistry] [localhost-startStop-1] Registered script processor javascript for extension js
2019-07-08 09:52:52,464 INFO  [org.alfresco.web.site.EditionInterceptor] [http-bio-8080-exec-20] Successfully retrieved license information from Alfresco.
2019-07-08 09:53:21,546 INFO  [org.alfresco.web.scripts.ImapServerStatus] [http-bio-8080-exec-23] Successfully retrieved IMAP server status from Alfresco: disabled
2019-07-08 10:23:24,855 INFO  [org.alfresco.web.config.packaging.ModulePackageManager] [localhost-startStop-1] Found 1 module package(s)
2019-07-08 10:23:24,857 INFO  [org.alfresco.web.config.packaging.ModulePackageManager] [localhost-startStop-1] Alfresco Share JAR Module, 1.0-SNAPSHOT, Sample Share JAR Module (to be included in the share.war) - part of AIO - SDK 3

2019-07-08 10:23:25,200 INFO  [org.springframework.extensions.webscripts.TemplateProcessorRegistry] [localhost-startStop-1] Registered template processor freemarker for extension ftl
2019-07-08 10:23:25,206 INFO  [org.springframework.extensions.webscripts.ScriptProcessorRegistry] [localhost-startStop-1] Registered script processor javascript for extension js
2019-07-08 10:23:25,207 INFO  [org.springframework.extensions.webscripts.TemplateProcessorRegistry] [localhost-startStop-1] Registered template processor freemarker for extension ftl
2019-07-08 10:23:25,209 INFO  [org.springframework.extensions.webscripts.ScriptProcessorRegistry] [localhost-startStop-1] Registered script processor javascript for extension js
2019-07-08 10:23:27,140 INFO  [org.springframework.extensions.webscripts.DeclarativeRegistry] [localhost-startStop-1] Registered 393 Web Scripts (+0 failed), 411 URLs
2019-07-08 10:23:27,140 INFO  [org.springframework.extensions.webscripts.DeclarativeRegistry] [localhost-startStop-1] Registered 8 Package Description Documents (+0 failed) 
2019-07-08 10:23:27,140 INFO  [org.springframework.extensions.webscripts.DeclarativeRegistry] [localhost-startStop-1] Registered 0 Schema Description Documents (+0 failed) 
2019-07-08 10:23:27,205 INFO  [org.springframework.extensions.webscripts.AbstractRuntimeContainer] [localhost-startStop-1] Initialised Surf Container Web Script Container (in 1974.6968ms)
2019-07-08 10:23:27,207 INFO  [org.springframework.extensions.webscripts.TemplateProcessorRegistry] [localhost-startStop-1] Registered template processor freemarker for extension ftl
2019-07-08 10:23:27,208 INFO  [org.springframework.extensions.webscripts.ScriptProcessorRegistry] [localhost-startStop-1] Registered script processor javascript for extension js
2019-07-08 10:24:37,904 INFO  [org.alfresco.web.site.EditionInterceptor] [http-bio-8080-exec-2] Successfully retrieved license information from Alfresco.
2019-07-08 10:25:11,929 INFO  [org.alfresco.web.scripts.DictionaryQuery] [http-bio-8080-exec-5] Successfully retrieved Data Dictionary from Alfresco.
2019-07-08 10:29:03,499 INFO  [org.alfresco.web.scripts.ImapServerStatus] [http-bio-8080-exec-7] Successfully retrieved IMAP server status from Alfresco: disabled
2019-07-08 10:29:07,546 INFO  [org.alfresco.web.scripts.QuickShareStatus] [http-bio-8080-exec-7] Successfully retrieved quick share information from Alfresco.
2019-07-08 10:29:12,736 INFO  [org.alfresco.web.scripts.MimetypesQuery] [http-bio-8080-exec-43] Successfully retrieved mimetypes information from Alfresco.
2019-07-08 11:13:45,090 INFO  [org.alfresco.web.config.packaging.ModulePackageManager] [localhost-startStop-1] Found 1 module package(s)
2019-07-08 11:13:45,091 INFO  [org.alfresco.web.config.packaging.ModulePackageManager] [localhost-startStop-1] Alfresco Share JAR Module, 1.0-SNAPSHOT, Sample Share JAR Module (to be included in the share.war) - part of AIO - SDK 3

2019-07-08 11:13:45,410 INFO  [org.springframework.extensions.webscripts.TemplateProcessorRegistry] [localhost-startStop-1] Registered template processor freemarker for extension ftl
2019-07-08 11:13:45,412 INFO  [org.springframework.extensions.webscripts.ScriptProcessorRegistry] [localhost-startStop-1] Registered script processor javascript for extension js
2019-07-08 11:13:45,412 INFO  [org.springframework.extensions.webscripts.TemplateProcessorRegistry] [localhost-startStop-1] Registered template processor freemarker for extension ftl
2019-07-08 11:13:45,413 INFO  [org.springframework.extensions.webscripts.ScriptProcessorRegistry] [localhost-startStop-1] Registered script processor javascript for extension js
2019-07-08 11:13:47,454 INFO  [org.springframework.extensions.webscripts.DeclarativeRegistry] [localhost-startStop-1] Registered 393 Web Scripts (+0 failed), 411 URLs
2019-07-08 11:13:47,454 INFO  [org.springframework.extensions.webscripts.DeclarativeRegistry] [localhost-startStop-1] Registered 8 Package Description Documents (+0 failed) 
2019-07-08 11:13:47,454 INFO  [org.springframework.extensions.webscripts.DeclarativeRegistry] [localhost-startStop-1] Registered 0 Schema Description Documents (+0 failed) 
2019-07-08 11:13:47,531 INFO  [org.springframework.extensions.webscripts.AbstractRuntimeContainer] [localhost-startStop-1] Initialised Surf Container Web Script Container (in 2102.5435ms)
2019-07-08 11:13:47,533 INFO  [org.springframework.extensions.webscripts.TemplateProcessorRegistry] [localhost-startStop-1] Registered template processor freemarker for extension ftl
2019-07-08 11:13:47,534 INFO  [org.springframework.extensions.webscripts.ScriptProcessorRegistry] [localhost-startStop-1] Registered script processor javascript for extension js
2019-07-08 11:16:36,894 INFO  [org.alfresco.web.site.EditionInterceptor] [http-bio-8080-exec-9] Successfully retrieved license information from Alfresco.
2019-07-08 11:17:28,222 INFO  [org.alfresco.web.scripts.DictionaryQuery] [http-bio-8080-exec-13] Successfully retrieved Data Dictionary from Alfresco.
2019-07-08 11:41:13,487 INFO  [org.alfresco.web.config.packaging.ModulePackageManager] [localhost-startStop-1] Found 1 module package(s)
2019-07-08 11:41:13,489 INFO  [org.alfresco.web.config.packaging.ModulePackageManager] [localhost-startStop-1] Alfresco Share JAR Module, 1.0-SNAPSHOT, Sample Share JAR Module (to be included in the share.war) - part of AIO - SDK 3

2019-07-08 11:41:13,764 INFO  [org.springframework.extensions.webscripts.TemplateProcessorRegistry] [localhost-startStop-1] Registered template processor freemarker for extension ftl
2019-07-08 11:41:13,766 INFO  [org.springframework.extensions.webscripts.ScriptProcessorRegistry] [localhost-startStop-1] Registered script processor javascript for extension js
2019-07-08 11:41:13,767 INFO  [org.springframework.extensions.webscripts.TemplateProcessorRegistry] [localhost-startStop-1] Registered template processor freemarker for extension ftl
2019-07-08 11:41:13,768 INFO  [org.springframework.extensions.webscripts.ScriptProcessorRegistry] [localhost-startStop-1] Registered script processor javascript for extension js
2019-07-08 11:41:15,917 INFO  [org.springframework.extensions.webscripts.DeclarativeRegistry] [localhost-startStop-1] Registered 393 Web Scripts (+0 failed), 411 URLs
2019-07-08 11:41:15,917 INFO  [org.springframework.extensions.webscripts.DeclarativeRegistry] [localhost-startStop-1] Registered 8 Package Description Documents (+0 failed) 
2019-07-08 11:41:15,917 INFO  [org.springframework.extensions.webscripts.DeclarativeRegistry] [localhost-startStop-1] Registered 0 Schema Description Documents (+0 failed) 
2019-07-08 11:41:15,985 INFO  [org.springframework.extensions.webscripts.AbstractRuntimeContainer] [localhost-startStop-1] Initialised Surf Container Web Script Container (in 2205.7124ms)
2019-07-08 11:41:15,987 INFO  [org.springframework.extensions.webscripts.TemplateProcessorRegistry] [localhost-startStop-1] Registered template processor freemarker for extension ftl
2019-07-08 11:41:15,987 INFO  [org.springframework.extensions.webscripts.ScriptProcessorRegistry] [localhost-startStop-1] Registered script processor javascript for extension js
2019-07-08 11:42:04,092 INFO  [org.alfresco.web.site.EditionInterceptor] [http-bio-8080-exec-3] Successfully retrieved license information from Alfresco.
2019-07-08 11:42:35,780 INFO  [org.alfresco.web.scripts.DictionaryQuery] [http-bio-8080-exec-15] Successfully retrieved Data Dictionary from Alfresco.
2019-07-08 11:42:39,658 INFO  [org.alfresco.web.scripts.ImapServerStatus] [http-bio-8080-exec-15] Successfully retrieved IMAP server status from Alfresco: disabled
2019-07-08 11:42:43,516 INFO  [org.alfresco.web.scripts.QuickShareStatus] [http-bio-8080-exec-15] Successfully retrieved quick share information from Alfresco.
2019-07-08 11:42:49,575 INFO  [org.alfresco.web.scripts.MimetypesQuery] [http-bio-8080-exec-12] Successfully retrieved mimetypes information from Alfresco.
2019-07-08 12:01:46,830 INFO  [org.alfresco.web.config.packaging.ModulePackageManager] [localhost-startStop-1] Found 1 module package(s)
2019-07-08 12:01:46,832 INFO  [org.alfresco.web.config.packaging.ModulePackageManager] [localhost-startStop-1] Alfresco Share JAR Module, 1.0-SNAPSHOT, Sample Share JAR Module (to be included in the share.war) - part of AIO - SDK 3

2019-07-08 12:01:47,195 INFO  [org.springframework.extensions.webscripts.TemplateProcessorRegistry] [localhost-startStop-1] Registered template processor freemarker for extension ftl
2019-07-08 12:01:47,198 INFO  [org.springframework.extensions.webscripts.ScriptProcessorRegistry] [localhost-startStop-1] Registered script processor javascript for extension js
2019-07-08 12:01:47,199 INFO  [org.springframework.extensions.webscripts.TemplateProcessorRegistry] [localhost-startStop-1] Registered template processor freemarker for extension ftl
2019-07-08 12:01:47,200 INFO  [org.springframework.extensions.webscripts.ScriptProcessorRegistry] [localhost-startStop-1] Registered script processor javascript for extension js
2019-07-08 12:01:49,436 INFO  [org.springframework.extensions.webscripts.DeclarativeRegistry] [localhost-startStop-1] Registered 393 Web Scripts (+0 failed), 411 URLs
2019-07-08 12:01:49,436 INFO  [org.springframework.extensions.webscripts.DeclarativeRegistry] [localhost-startStop-1] Registered 8 Package Description Documents (+0 failed) 
2019-07-08 12:01:49,437 INFO  [org.springframework.extensions.webscripts.DeclarativeRegistry] [localhost-startStop-1] Registered 0 Schema Description Documents (+0 failed) 
2019-07-08 12:01:49,502 INFO  [org.springframework.extensions.webscripts.AbstractRuntimeContainer] [localhost-startStop-1] Initialised Surf Container Web Script Container (in 2284.6218ms)
2019-07-08 12:01:49,503 INFO  [org.springframework.extensions.webscripts.TemplateProcessorRegistry] [localhost-startStop-1] Registered template processor freemarker for extension ftl
2019-07-08 12:01:49,504 INFO  [org.springframework.extensions.webscripts.ScriptProcessorRegistry] [localhost-startStop-1] Registered script processor javascript for extension js
2019-07-08 12:02:11,286 INFO  [org.alfresco.web.site.EditionInterceptor] [http-bio-8080-exec-10] Successfully retrieved license information from Alfresco.
2019-07-08 12:02:49,514 INFO  [org.alfresco.web.scripts.DictionaryQuery] [http-bio-8080-exec-9] Successfully retrieved Data Dictionary from Alfresco.
2019-07-08 13:48:01,492 INFO  [org.alfresco.web.scripts.ImapServerStatus] [http-bio-8080-exec-45] Successfully retrieved IMAP server status from Alfresco: disabled
2019-07-08 14:05:59,217 INFO  [org.alfresco.web.scripts.QuickShareStatus] [http-bio-8080-exec-42] Successfully retrieved quick share information from Alfresco.
2019-07-08 14:06:04,328 INFO  [org.alfresco.web.scripts.MimetypesQuery] [http-bio-8080-exec-63] Successfully retrieved mimetypes information from Alfresco.
2019-07-08 15:21:34,788 INFO  [org.alfresco.web.config.packaging.ModulePackageManager] [localhost-startStop-1] Found 1 module package(s)
2019-07-08 15:21:34,790 INFO  [org.alfresco.web.config.packaging.ModulePackageManager] [localhost-startStop-1] Alfresco Share JAR Module, 1.0-SNAPSHOT, Sample Share JAR Module (to be included in the share.war) - part of AIO - SDK 3

2019-07-08 15:21:35,112 INFO  [org.springframework.extensions.webscripts.TemplateProcessorRegistry] [localhost-startStop-1] Registered template processor freemarker for extension ftl
2019-07-08 15:21:35,115 INFO  [org.springframework.extensions.webscripts.ScriptProcessorRegistry] [localhost-startStop-1] Registered script processor javascript for extension js
2019-07-08 15:21:35,115 INFO  [org.springframework.extensions.webscripts.TemplateProcessorRegistry] [localhost-startStop-1] Registered template processor freemarker for extension ftl
2019-07-08 15:21:35,116 INFO  [org.springframework.extensions.webscripts.ScriptProcessorRegistry] [localhost-startStop-1] Registered script processor javascript for extension js
2019-07-08 15:21:37,408 INFO  [org.springframework.extensions.webscripts.DeclarativeRegistry] [localhost-startStop-1] Registered 393 Web Scripts (+0 failed), 411 URLs
2019-07-08 15:21:37,409 INFO  [org.springframework.extensions.webscripts.DeclarativeRegistry] [localhost-startStop-1] Registered 8 Package Description Documents (+0 failed) 
2019-07-08 15:21:37,409 INFO  [org.springframework.extensions.webscripts.DeclarativeRegistry] [localhost-startStop-1] Registered 0 Schema Description Documents (+0 failed) 
2019-07-08 15:21:37,470 INFO  [org.springframework.extensions.webscripts.AbstractRuntimeContainer] [localhost-startStop-1] Initialised Surf Container Web Script Container (in 2339.2996ms)
2019-07-08 15:21:37,471 INFO  [org.springframework.extensions.webscripts.TemplateProcessorRegistry] [localhost-startStop-1] Registered template processor freemarker for extension ftl
2019-07-08 15:21:37,472 INFO  [org.springframework.extensions.webscripts.ScriptProcessorRegistry] [localhost-startStop-1] Registered script processor javascript for extension js
2019-07-08 15:23:34,727 INFO  [org.alfresco.web.config.packaging.ModulePackageManager] [localhost-startStop-1] Found 1 module package(s)
2019-07-08 15:23:34,730 INFO  [org.alfresco.web.config.packaging.ModulePackageManager] [localhost-startStop-1] Alfresco Share JAR Module, 1.0-SNAPSHOT, Sample Share JAR Module (to be included in the share.war) - part of AIO - SDK 3

2019-07-08 15:23:35,100 INFO  [org.springframework.extensions.webscripts.TemplateProcessorRegistry] [localhost-startStop-1] Registered template processor freemarker for extension ftl
2019-07-08 15:23:35,105 INFO  [org.springframework.extensions.webscripts.ScriptProcessorRegistry] [localhost-startStop-1] Registered script processor javascript for extension js
2019-07-08 15:23:35,106 INFO  [org.springframework.extensions.webscripts.TemplateProcessorRegistry] [localhost-startStop-1] Registered template processor freemarker for extension ftl
2019-07-08 15:23:35,107 INFO  [org.springframework.extensions.webscripts.ScriptProcessorRegistry] [localhost-startStop-1] Registered script processor javascript for extension js
2019-07-08 15:23:37,455 INFO  [org.springframework.extensions.webscripts.DeclarativeRegistry] [localhost-startStop-1] Registered 393 Web Scripts (+0 failed), 411 URLs
2019-07-08 15:23:37,456 INFO  [org.springframework.extensions.webscripts.DeclarativeRegistry] [localhost-startStop-1] Registered 8 Package Description Documents (+0 failed) 
2019-07-08 15:23:37,456 INFO  [org.springframework.extensions.webscripts.DeclarativeRegistry] [localhost-startStop-1] Registered 0 Schema Description Documents (+0 failed) 
2019-07-08 15:23:37,516 INFO  [org.springframework.extensions.webscripts.AbstractRuntimeContainer] [localhost-startStop-1] Initialised Surf Container Web Script Container (in 2391.7632ms)
2019-07-08 15:23:37,518 INFO  [org.springframework.extensions.webscripts.TemplateProcessorRegistry] [localhost-startStop-1] Registered template processor freemarker for extension ftl
2019-07-08 15:23:37,518 INFO  [org.springframework.extensions.webscripts.ScriptProcessorRegistry] [localhost-startStop-1] Registered script processor javascript for extension js
2019-07-08 15:26:39,010 INFO  [org.alfresco.web.config.packaging.ModulePackageManager] [localhost-startStop-1] Found 1 module package(s)
2019-07-08 15:26:39,012 INFO  [org.alfresco.web.config.packaging.ModulePackageManager] [localhost-startStop-1] Alfresco Share JAR Module, 1.0-SNAPSHOT, Sample Share JAR Module (to be included in the share.war) - part of AIO - SDK 3

2019-07-08 15:26:39,333 INFO  [org.springframework.extensions.webscripts.TemplateProcessorRegistry] [localhost-startStop-1] Registered template processor freemarker for extension ftl
2019-07-08 15:26:39,336 INFO  [org.springframework.extensions.webscripts.ScriptProcessorRegistry] [localhost-startStop-1] Registered script processor javascript for extension js
2019-07-08 15:26:39,338 INFO  [org.springframework.extensions.webscripts.TemplateProcessorRegistry] [localhost-startStop-1] Registered template processor freemarker for extension ftl
2019-07-08 15:26:39,339 INFO  [org.springframework.extensions.webscripts.ScriptProcessorRegistry] [localhost-startStop-1] Registered script processor javascript for extension js
2019-07-08 15:26:41,558 INFO  [org.springframework.extensions.webscripts.DeclarativeRegistry] [localhost-startStop-1] Registered 393 Web Scripts (+0 failed), 411 URLs
2019-07-08 15:26:41,558 INFO  [org.springframework.extensions.webscripts.DeclarativeRegistry] [localhost-startStop-1] Registered 8 Package Description Documents (+0 failed) 
2019-07-08 15:26:41,558 INFO  [org.springframework.extensions.webscripts.DeclarativeRegistry] [localhost-startStop-1] Registered 0 Schema Description Documents (+0 failed) 
2019-07-08 15:26:41,617 INFO  [org.springframework.extensions.webscripts.AbstractRuntimeContainer] [localhost-startStop-1] Initialised Surf Container Web Script Container (in 2265.5186ms)
2019-07-08 15:26:41,619 INFO  [org.springframework.extensions.webscripts.TemplateProcessorRegistry] [localhost-startStop-1] Registered template processor freemarker for extension ftl
2019-07-08 15:26:41,620 INFO  [org.springframework.extensions.webscripts.ScriptProcessorRegistry] [localhost-startStop-1] Registered script processor javascript for extension js
2019-07-08 15:29:36,944 INFO  [org.alfresco.web.config.packaging.ModulePackageManager] [localhost-startStop-1] Found 1 module package(s)
2019-07-08 15:29:36,945 INFO  [org.alfresco.web.config.packaging.ModulePackageManager] [localhost-startStop-1] Alfresco Share JAR Module, 1.0-SNAPSHOT, Sample Share JAR Module (to be included in the share.war) - part of AIO - SDK 3

2019-07-08 15:29:37,251 INFO  [org.springframework.extensions.webscripts.TemplateProcessorRegistry] [localhost-startStop-1] Registered template processor freemarker for extension ftl
2019-07-08 15:29:37,254 INFO  [org.springframework.extensions.webscripts.ScriptProcessorRegistry] [localhost-startStop-1] Registered script processor javascript for extension js
2019-07-08 15:29:37,254 INFO  [org.springframework.extensions.webscripts.TemplateProcessorRegistry] [localhost-startStop-1] Registered template processor freemarker for extension ftl
2019-07-08 15:29:37,256 INFO  [org.springframework.extensions.webscripts.ScriptProcessorRegistry] [localhost-startStop-1] Registered script processor javascript for extension js
2019-07-08 15:29:38,905 INFO  [org.springframework.extensions.webscripts.DeclarativeRegistry] [localhost-startStop-1] Registered 393 Web Scripts (+0 failed), 411 URLs
2019-07-08 15:29:38,906 INFO  [org.springframework.extensions.webscripts.DeclarativeRegistry] [localhost-startStop-1] Registered 8 Package Description Documents (+0 failed) 
2019-07-08 15:29:38,906 INFO  [org.springframework.extensions.webscripts.DeclarativeRegistry] [localhost-startStop-1] Registered 0 Schema Description Documents (+0 failed) 
2019-07-08 15:29:38,981 INFO  [org.springframework.extensions.webscripts.AbstractRuntimeContainer] [localhost-startStop-1] Initialised Surf Container Web Script Container (in 1710.6434ms)
2019-07-08 15:29:38,984 INFO  [org.springframework.extensions.webscripts.TemplateProcessorRegistry] [localhost-startStop-1] Registered template processor freemarker for extension ftl
2019-07-08 15:29:38,984 INFO  [org.springframework.extensions.webscripts.ScriptProcessorRegistry] [localhost-startStop-1] Registered script processor javascript for extension js
2019-07-08 15:30:36,048 INFO  [org.alfresco.web.site.EditionInterceptor] [http-bio-8080-exec-6] Successfully retrieved license information from Alfresco.
2019-07-08 15:31:09,561 INFO  [org.alfresco.web.scripts.DictionaryQuery] [http-bio-8080-exec-8] Successfully retrieved Data Dictionary from Alfresco.
2019-07-08 16:16:30,933 INFO  [org.alfresco.web.config.packaging.ModulePackageManager] [localhost-startStop-1] Found 1 module package(s)
2019-07-08 16:16:30,939 INFO  [org.alfresco.web.config.packaging.ModulePackageManager] [localhost-startStop-1] Alfresco Share JAR Module, 1.0-SNAPSHOT, Sample Share JAR Module (to be included in the share.war) - part of AIO - SDK 3

2019-07-08 16:16:31,226 INFO  [org.springframework.extensions.webscripts.TemplateProcessorRegistry] [localhost-startStop-1] Registered template processor freemarker for extension ftl
2019-07-08 16:16:31,228 INFO  [org.springframework.extensions.webscripts.ScriptProcessorRegistry] [localhost-startStop-1] Registered script processor javascript for extension js
2019-07-08 16:16:31,229 INFO  [org.springframework.extensions.webscripts.TemplateProcessorRegistry] [localhost-startStop-1] Registered template processor freemarker for extension ftl
2019-07-08 16:16:31,229 INFO  [org.springframework.extensions.webscripts.ScriptProcessorRegistry] [localhost-startStop-1] Registered script processor javascript for extension js
2019-07-08 16:16:32,956 INFO  [org.springframework.extensions.webscripts.DeclarativeRegistry] [localhost-startStop-1] Registered 393 Web Scripts (+0 failed), 411 URLs
2019-07-08 16:16:32,956 INFO  [org.springframework.extensions.webscripts.DeclarativeRegistry] [localhost-startStop-1] Registered 8 Package Description Documents (+0 failed) 
2019-07-08 16:16:32,956 INFO  [org.springframework.extensions.webscripts.DeclarativeRegistry] [localhost-startStop-1] Registered 0 Schema Description Documents (+0 failed) 
2019-07-08 16:16:33,017 INFO  [org.springframework.extensions.webscripts.AbstractRuntimeContainer] [localhost-startStop-1] Initialised Surf Container Web Script Container (in 1777.1086ms)
2019-07-08 16:16:33,019 INFO  [org.springframework.extensions.webscripts.TemplateProcessorRegistry] [localhost-startStop-1] Registered template processor freemarker for extension ftl
2019-07-08 16:16:33,020 INFO  [org.springframework.extensions.webscripts.ScriptProcessorRegistry] [localhost-startStop-1] Registered script processor javascript for extension js
2019-07-08 16:16:47,030 INFO  [org.alfresco.web.site.EditionInterceptor] [http-bio-8080-exec-1] Successfully retrieved license information from Alfresco.
2019-07-08 16:17:21,832 INFO  [org.alfresco.web.scripts.DictionaryQuery] [http-bio-8080-exec-10] Successfully retrieved Data Dictionary from Alfresco.
